<?xml version="1.0" encoding="UTF-8"?>
<testsuite xmlns:xsi="http://www.w3.org/2001/XMLSchema-instance" xsi:noNamespaceSchemaLocation="https://maven.apache.org/surefire/maven-surefire-plugin/xsd/surefire-test-report.xsd" name="testRunner.testRunnerTest" time="113.498" tests="2" errors="0" skipped="0" failures="0">
  <properties>
[...]
</properties>
  <testcase name=" #1" classname="Validate Stay Tab" time="68.715"/>
  <testcase name=" #2" classname="Validate Stay Tab" time="43.772"/>
</testsuite>